C:\Program Files\Microsoft Visual Studio\2022\Community\MSBuild\Microsoft\VC\v150\Platforms\Win32\PlatformToolsets\v141_xp\Toolset.targets(39,5): warning MSB8051: Support for targeting Windows XP is deprecated and will not be present in future releases of Visual Studio. Please see https://go.microsoft.com/fwlink/?linkid=2023588 for more information.
  Helper.cpp
c:\users\rxcam\documents\ghub\scicompanionx\unittests\helper.cpp(20): error C2653: 'Microsoft': is not a class or namespace name
c:\users\rxcam\documents\ghub\scicompanionx\unittests\helper.cpp(20): error C2871: 'CppUnitTestFramework': a namespace with this name does not exist
c:\users\rxcam\documents\ghub\scicompanionx\unittests\helper.cpp(39): error C2653: 'Assert': is not a class or namespace name
c:\users\rxcam\documents\ghub\scicompanionx\unittests\helper.cpp(39): error C3861: 'IsFalse': identifier not found
  TestAllGamesLoad.cpp
c:\users\rxcam\documents\ghub\scicompanionx\unittests\testallgamesload.cpp(25): error C2653: 'Microsoft': is not a class or namespace name
c:\users\rxcam\documents\ghub\scicompanionx\unittests\testallgamesload.cpp(25): error C2871: 'CppUnitTestFramework': a namespace with this name does not exist
c:\users\rxcam\documents\ghub\scicompanionx\unittests\testallgamesload.cpp(44): error C2065: 'TestAllGamesLoad': undeclared identifier
c:\users\rxcam\documents\ghub\scicompanionx\unittests\testallgamesload.cpp(44): error C4430: missing type specifier - int assumed. Note: C++ does not support default-int
c:\users\rxcam\documents\ghub\scicompanionx\unittests\testallgamesload.cpp(45): error C2448: 'UnitTests::TEST_CLASS': function-style initializer appears to be a function definition
  TestClassBrowser.cpp
c:\users\rxcam\documents\ghub\scicompanionx\unittests\testclassbrowser.cpp(24): error C2653: 'Microsoft': is not a class or namespace name
c:\users\rxcam\documents\ghub\scicompanionx\unittests\testclassbrowser.cpp(24): error C2871: 'CppUnitTestFramework': a namespace with this name does not exist
c:\users\rxcam\documents\ghub\scicompanionx\unittests\testclassbrowser.cpp(28): error C2065: 'TestClassBrowser': undeclared identifier
c:\users\rxcam\documents\ghub\scicompanionx\unittests\testclassbrowser.cpp(28): error C4430: missing type specifier - int assumed. Note: C++ does not support default-int
c:\users\rxcam\documents\ghub\scicompanionx\unittests\testclassbrowser.cpp(29): error C2448: 'UnitTests::TEST_CLASS': function-style initializer appears to be a function definition
c:\users\rxcam\documents\ghub\scicompanionx\unittests\testclassbrowser.cpp(98): error C2653: 'TestClassBrowser': is not a class or namespace name
  TestCompile.cpp
c:\users\rxcam\documents\ghub\scicompanionx\unittests\testcompile.cpp(23): error C2653: 'Microsoft': is not a class or namespace name
c:\users\rxcam\documents\ghub\scicompanionx\unittests\testcompile.cpp(23): error C2871: 'CppUnitTestFramework': a namespace with this name does not exist
c:\users\rxcam\documents\ghub\scicompanionx\unittests\testcompile.cpp(27): error C2065: 'TestCompile': undeclared identifier
c:\users\rxcam\documents\ghub\scicompanionx\unittests\testcompile.cpp(27): error C4430: missing type specifier - int assumed. Note: C++ does not support default-int
c:\users\rxcam\documents\ghub\scicompanionx\unittests\testcompile.cpp(28): error C2448: 'UnitTests::TEST_CLASS': function-style initializer appears to be a function definition
c:\users\rxcam\documents\ghub\scicompanionx\unittests\testcompile.cpp(87): error C2653: 'TestCompile': is not a class or namespace name
  TestPicDraw.cpp
c:\users\rxcam\documents\ghub\scicompanionx\unittests\testpicdraw.cpp(17): error C2653: 'Microsoft': is not a class or namespace name
c:\users\rxcam\documents\ghub\scicompanionx\unittests\testpicdraw.cpp(17): error C2871: 'CppUnitTestFramework': a namespace with this name does not exist
c:\users\rxcam\documents\ghub\scicompanionx\unittests\testpicdraw.cpp(87): error C2653: 'Logger': is not a class or namespace name
c:\users\rxcam\documents\ghub\scicompanionx\unittests\testpicdraw.cpp(87): error C3861: 'WriteMessage': identifier not found
c:\users\rxcam\documents\ghub\scicompanionx\unittests\testpicdraw.cpp(89): error C2653: 'Assert': is not a class or namespace name
c:\users\rxcam\documents\ghub\scicompanionx\unittests\testpicdraw.cpp(89): error C3861: 'IsNotNull': identifier not found
c:\users\rxcam\documents\ghub\scicompanionx\unittests\testpicdraw.cpp(98): error C2653: 'Logger': is not a class or namespace name
c:\users\rxcam\documents\ghub\scicompanionx\unittests\testpicdraw.cpp(98): error C3861: 'WriteMessage': identifier not found
c:\users\rxcam\documents\ghub\scicompanionx\unittests\testpicdraw.cpp(100): error C2653: 'Assert': is not a class or namespace name
c:\users\rxcam\documents\ghub\scicompanionx\unittests\testpicdraw.cpp(100): error C3861: 'IsTrue': identifier not found
c:\users\rxcam\documents\ghub\scicompanionx\unittests\testpicdraw.cpp(160): error C2653: 'Logger': is not a class or namespace name
c:\users\rxcam\documents\ghub\scicompanionx\unittests\testpicdraw.cpp(160): error C3861: 'WriteMessage': identifier not found
c:\users\rxcam\documents\ghub\scicompanionx\unittests\testpicdraw.cpp(161): error C2653: 'Assert': is not a class or namespace name
c:\users\rxcam\documents\ghub\scicompanionx\unittests\testpicdraw.cpp(161): error C3861: 'IsTrue': identifier not found
c:\users\rxcam\documents\ghub\scicompanionx\unittests\testpicdraw.cpp(178): error C2065: 'TextPicDraw': undeclared identifier
c:\users\rxcam\documents\ghub\scicompanionx\unittests\testpicdraw.cpp(178): error C4430: missing type specifier - int assumed. Note: C++ does not support default-int
c:\users\rxcam\documents\ghub\scicompanionx\unittests\testpicdraw.cpp(179): error C2448: 'UnitTests::TEST_CLASS': function-style initializer appears to be a function definition
c:\users\rxcam\documents\ghub\scicompanionx\unittests\testpicdraw.cpp(209): error C2653: 'TextPicDraw': is not a class or namespace name
c:\users\rxcam\documents\ghub\scicompanionx\unittests\testpicdraw.cpp(210): error C2653: 'TextPicDraw': is not a class or namespace name
  TestPolygonLoad.cpp
c:\users\rxcam\documents\ghub\scicompanionx\unittests\testpolygonload.cpp(27): error C2653: 'Microsoft': is not a class or namespace name
c:\users\rxcam\documents\ghub\scicompanionx\unittests\testpolygonload.cpp(27): error C2871: 'CppUnitTestFramework': a namespace with this name does not exist
c:\users\rxcam\documents\ghub\scicompanionx\unittests\testpolygonload.cpp(31): error C2065: 'TestPolygonLoad': undeclared identifier
c:\users\rxcam\documents\ghub\scicompanionx\unittests\testpolygonload.cpp(31): error C4430: missing type specifier - int assumed. Note: C++ does not support default-int
c:\users\rxcam\documents\ghub\scicompanionx\unittests\testpolygonload.cpp(32): error C2448: 'UnitTests::TEST_CLASS': function-style initializer appears to be a function definition
c:\users\rxcam\documents\ghub\scicompanionx\unittests\testpolygonload.cpp(87): error C2653: 'TestPolygonLoad': is not a class or namespace name
  TestResource.cpp
c:\users\rxcam\documents\ghub\scicompanionx\unittests\testresource.cpp(24): error C2653: 'Microsoft': is not a class or namespace name
c:\users\rxcam\documents\ghub\scicompanionx\unittests\testresource.cpp(24): error C2871: 'CppUnitTestFramework': a namespace with this name does not exist
c:\users\rxcam\documents\ghub\scicompanionx\unittests\testresource.cpp(33): error C2065: 'TestResource': undeclared identifier
c:\users\rxcam\documents\ghub\scicompanionx\unittests\testresource.cpp(33): error C4430: missing type specifier - int assumed. Note: C++ does not support default-int
c:\users\rxcam\documents\ghub\scicompanionx\unittests\testresource.cpp(34): error C2448: 'UnitTests::TEST_CLASS': function-style initializer appears to be a function definition
  TestResourceDelete.cpp
c:\users\rxcam\documents\ghub\scicompanionx\unittests\testresourcedelete.cpp(24): error C2653: 'Microsoft': is not a class or namespace name
c:\users\rxcam\documents\ghub\scicompanionx\unittests\testresourcedelete.cpp(24): error C2871: 'CppUnitTestFramework': a namespace with this name does not exist
c:\users\rxcam\documents\ghub\scicompanionx\unittests\testresourcedelete.cpp(28): error C2065: 'TestResourceDelete': undeclared identifier
c:\users\rxcam\documents\ghub\scicompanionx\unittests\testresourcedelete.cpp(28): error C4430: missing type specifier - int assumed. Note: C++ does not support default-int
c:\users\rxcam\documents\ghub\scicompanionx\unittests\testresourcedelete.cpp(29): error C2448: 'UnitTests::TEST_CLASS': function-style initializer appears to be a function definition
c:\users\rxcam\documents\ghub\scicompanionx\unittests\testresourcedelete.cpp(112): error C2653: 'TestResourceDelete': is not a class or namespace name
  TestResourceLoad.cpp
c:\users\rxcam\documents\ghub\scicompanionx\unittests\testresourceload.cpp(24): error C2653: 'Microsoft': is not a class or namespace name
c:\users\rxcam\documents\ghub\scicompanionx\unittests\testresourceload.cpp(24): error C2871: 'CppUnitTestFramework': a namespace with this name does not exist
c:\users\rxcam\documents\ghub\scicompanionx\unittests\testresourceload.cpp(28): error C2065: 'TestResourceLoad': undeclared identifier
c:\users\rxcam\documents\ghub\scicompanionx\unittests\testresourceload.cpp(28): error C4430: missing type specifier - int assumed. Note: C++ does not support default-int
c:\users\rxcam\documents\ghub\scicompanionx\unittests\testresourceload.cpp(29): error C2448: 'UnitTests::TEST_CLASS': function-style initializer appears to be a function definition
c:\users\rxcam\documents\ghub\scicompanionx\unittests\testresourceload.cpp(78): error C2653: 'TestResourceLoad': is not a class or namespace name
